<?xml version="1.0" encoding="utf-8"?><testsuites name="pytest tests"><testsuite name="pytest" errors="0" failures="0" skipped="0" tests="311" time="362.061" timestamp="2026-08-10T14:21:03.187096+08:00" hostname="yzy"><testcase classname="test.api.test_admin_pipeline" name="test_admin_can_create_and_query_pipeline_run" time="2.853" /><testcase classname="test.api.test_admin_pipeline" name="test_pipeline_runs_require_admin" time="0.768" /><testcase classname="test.api.test_admin_pipeline" name="test_admin_can_configure_automatic_crawling" time="1.002" /><testcase classname="test.api.test_agents" name="test_jd_generation_requires_authentication" time="0.868" /><testcase classname="test.api.test_agents" name="test_jd_input_suggestion_requires_authentication" time="0.844" /><testcase classname="test.api.test_agents" name="test_normal_user_cannot_create_management_agents_or_list_runs" time="0.981" /><testcase classname="test.api.test_agents" name="test_jd_generation_task_returns_editable_template_and_agent_audit" time="1.054" /><testcase classname="test.api.test_agents" name="test_admin_agent_run_list_is_paginated_and_uses_monotonic_utc_times" time="1.028" /><testcase classname="test.api.test_agents" name="test_jd_generation_idempotency_key_reuses_same_task" time="0.954" /><testcase classname="test.api.test_agents" name="test_internal_jd_generation_returns_private_transfer_draft" time="1.042" /><testcase classname="test.api.test_agents" name="test_jd_input_suggestion_returns_title_specific_editable_fallback" time="1.059" /><testcase classname="test.api.test_agents" name="test_agent_run_is_only_visible_to_its_creator" time="1.263" /><testcase classname="test.api.test_agents" name="test_career_planning_async_task_returns_degraded_result" time="1.235" /><testcase classname="test.api.test_agents" name="test_match_explanation_async_task_uses_saved_snapshot" time="1.190" /><testcase classname="test.api.test_analysis" name="test_analysis_requires_authentication" time="0.758" /><testcase classname="test.api.test_analysis" name="test_empty_analysis_response_is_explicit_about_data_quality" time="1.072" /><testcase classname="test.api.test_analysis" name="test_empty_job_insights_return_stable_contract" time="1.005" /><testcase classname="test.api.test_analysis" name="test_decision_requires_an_existing_standard_job" time="0.954" /><testcase classname="test.api.test_analysis" name="test_decision_rejects_invalid_value" time="0.941" /><testcase classname="test.api.test_analysis" name="test_overview_deduplicates_reposted_jobs_by_cluster_and_company" time="1.056" /><testcase classname="test.api.test_analysis" name="test_analysis_rejects_unsupported_trend_window" time="0.943" /><testcase classname="test.api.test_analysis" name="test_reference_standards_support_server_side_pagination" time="0.973" /><testcase classname="test.api.test_analysis" name="test_analysis_supports_required_trend_windows" time="1.038" /><testcase classname="test.api.test_api_modules.TestPlaceholderModules" name="test_module_returns_200[/api/v1/changes/-\u80fd\u529b\u66f4\u65b0]" time="0.949" /><testcase classname="test.api.test_api_modules.TestPlaceholderModules" name="test_module_returns_200[/api/v1/graph/-\u6280\u80fd\u56fe\u8c31]" time="0.967" /><testcase classname="test.api.test_api_modules.TestPlaceholderModules" name="test_module_returns_200[/api/v1/matching/-\u5339\u914d\u8bca\u65ad]" time="1.042" /><testcase classname="test.api.test_api_modules.TestPlaceholderModules" name="test_module_returns_200[/api/v1/analysis/-\u8d8b\u52bf\u5206\u6790]" time="1.021" /><testcase classname="test.api.test_api_modules.TestPlaceholderModules" name="test_module_blocked_without_auth[/api/v1/changes/-\u80fd\u529b\u66f4\u65b0]" time="0.779" /><testcase classname="test.api.test_api_modules.TestPlaceholderModules" name="test_module_blocked_without_auth[/api/v1/graph/-\u6280\u80fd\u56fe\u8c31]" time="0.728" /><testcase classname="test.api.test_api_modules.TestPlaceholderModules" name="test_module_blocked_without_auth[/api/v1/matching/-\u5339\u914d\u8bca\u65ad]" time="0.748" /><testcase classname="test.api.test_api_modules.TestPlaceholderModules" name="test_module_blocked_without_auth[/api/v1/analysis/-\u8d8b\u52bf\u5206\u6790]" time="0.736" /><testcase classname="test.api.test_api_modules.TestPlaceholderModules" name="test_nonexistent_route" time="0.788" /><testcase classname="test.api.test_api_modules.TestAdminModule" name="test_overview_returns_200" time="1.313" /><testcase classname="test.api.test_api_modules.TestAdminModule" name="test_overview_blocked_without_auth" time="0.720" /><testcase classname="test.api.test_api_modules.TestAdminModule" name="test_list_crawlers" time="1.045" /><testcase classname="test.api.test_api_modules.TestAdminModule" name="test_removed_placeholder_admin_routes_return_404" time="0.967" /><testcase classname="test.api.test_auth.TestLogin" name="test_login_ok" time="0.972" /><testcase classname="test.api.test_auth.TestLogin" name="test_login_wrong_password" time="0.926" /><testcase classname="test.api.test_auth.TestLogin" name="test_login_nonexistent_user" time="0.748" /><testcase classname="test.api.test_auth.TestLogin" name="test_login_missing_fields" time="0.721" /><testcase classname="test.api.test_auth.TestLogin" name="test_login_missing_password" time="0.796" /><testcase classname="test.api.test_auth.TestLogin" name="test_login_rejects_short_password" time="0.773" /><testcase classname="test.api.test_auth.TestRegister" name="test_register_ok" time="1.142" /><testcase classname="test.api.test_auth.TestRegister" name="test_register_duplicate" time="0.743" /><testcase classname="test.api.test_auth.TestAuthRequired" name="test_no_token_returns_401" time="0.726" /><testcase classname="test.api.test_auth.TestAuthRequired" name="test_bad_token_returns_401" time="0.747" /><testcase classname="test.api.test_auth.TestAuthRequired" name="test_authenticated_access_ok" time="0.951" /><testcase classname="test.api.test_career" name="test_career_analysis_requires_authentication" time="0.726" /><testcase classname="test.api.test_career" name="test_resume_text_extraction_and_degraded_career_plan" time="1.106" /><testcase classname="test.api.test_career" name="test_career_analysis_rejects_empty_input" time="0.933" /><testcase classname="test.api.test_career" name="test_declared_skills_preserve_free_text_and_cover_equivalent_job_requirements" time="0.739" /><testcase classname="test.api.test_dashboard" name="test_dashboard_overview_uses_persisted_jobs_and_matches" time="1.080" /><testcase classname="test.api.test_dashboard" name="test_dashboard_marks_unmatched_talent_as_pending_and_excludes_stale_job_matches" time="1.030" /><testcase classname="test.api.test_dashboard" name="test_dashboard_requires_authentication" time="0.832" /><testcase classname="test.api.test_dashboard" name="test_dashboard_hot_jobs_and_emerging_skills_pagination" time="1.035" /><testcase classname="test.api.test_data_quality" name="test_admin_lists_excludes_and_restores_quality_record" time="1.227" /><testcase classname="test.api.test_data_quality" name="test_non_admin_cannot_manage_data_quality" time="1.388" /><testcase classname="test.api.test_graph" name="test_sync_graph_requires_auth" time="0.744" /><testcase classname="test.api.test_graph" name="test_sync_graph_unauthenticated_detail" time="0.783" /><testcase classname="test.api.test_graph" name="test_sync_graph_enrich_disabled" time="0.967" /><testcase classname="test.api.test_graph" name="test_sync_graph_enrich_enabled" time="0.963" /><testcase classname="test.api.test_graph" name="test_sync_graph_invalid_mode" time="0.945" /><testcase classname="test.api.test_graph" name="test_sync_graph_default_enrich_true" time="0.950" /><testcase classname="test.api.test_graph" name="test_enrichment_generation_runs_eager_task_in_background" time="0.967" /><testcase classname="test.api.test_graph" name="test_enrichment_publication_runs_eager_task_in_background" time="1.001" /><testcase classname="test.api.test_graph" name="test_review_enrichment_approve_triggers_auto_publication" time="1.032" /><testcase classname="test.api.test_graph" name="test_review_enrichment_reject_does_not_trigger_sync" time="1.040" /><testcase classname="test.api.test_graph" name="test_reject_machine_failed_candidates_uses_server_reasons" time="1.001" /><testcase classname="test.api.test_health.TestHealth" name="test_health_ok" time="0.820" /><testcase classname="test.api.test_health.TestHealth" name="test_health_response_structure" time="0.722" /><testcase classname="test.api.test_internal_transfer" name="test_internal_transfer_flow_is_isolated_from_public_jobs" time="1.202" /><testcase classname="test.api.test_internal_transfer" name="test_internal_position_requires_authentication" time="0.723" /><testcase classname="test.api.test_internal_transfer" name="test_internal_positions_support_server_pagination_and_filters" time="0.982" /><testcase classname="test.api.test_internal_transfer" name="test_employee_number_search_autofills_talent_from_directory" time="1.021" /><testcase classname="test.api.test_internal_transfer" name="test_internal_position_cannot_skip_approval" time="1.051" /><testcase classname="test.api.test_jobs" name="test_observed_job_catalog_returns_source_and_skill_evidence" time="1.052" /><testcase classname="test.api.test_jobs" name="test_observed_job_catalog_requires_authentication" time="0.753" /><testcase classname="test.api.test_jobs.TestJobApi" name="test_requires_authentication" time="0.816" /><testcase classname="test.api.test_jobs.TestJobApi" name="test_create_list_and_get_job" time="1.104" /><testcase classname="test.api.test_jobs.TestJobApi" name="test_frontend_salary_range_is_normalized" time="1.009" /><testcase classname="test.api.test_jobs.TestJobApi" name="test_update_status_and_versions" time="1.012" /><testcase classname="test.api.test_jobs.TestJobApi" name="test_partial_update_rejects_invalid_salary" time="0.959" /><testcase classname="test.api.test_jobs.TestJobApi" name="test_soft_delete_hides_job" time="0.984" /><testcase classname="test.api.test_jobs.TestJobApi" name="test_validation_errors[payload0]" time="0.953" /><testcase classname="test.api.test_jobs.TestJobApi" name="test_validation_errors[payload1]" time="0.935" /><testcase classname="test.api.test_jobs.TestJobApi" name="test_validation_errors[payload2]" time="0.947" /><testcase classname="test.api.test_jobs.TestJobApi" name="test_missing_job_uses_unified_error" time="0.936" /><testcase classname="test.api.test_matching" name="test_resume_match_explanation_and_controlled_download" time="1.511" /><testcase classname="test.api.test_matching" name="test_recalculate_matches_covers_jobs_created_after_resume_upload" time="1.186" /><testcase classname="test.api.test_matching" name="test_resume_upload_requires_authentication" time="0.803" /><testcase classname="test.api.test_retrieval" name="test_admin_rebuilds_and_users_search_traceable_evidence" time="50.237" /><testcase classname="test.api.test_retrieval" name="test_index_rebuild_requires_admin" time="1.041" /><testcase classname="test.api.test_retrieval" name="test_admin_rebuilds_chroma_index_and_searches_it" time="16.696" /><testcase classname="test.api.test_skills" name="test_extract_job_skills_and_query_library" time="1.196" /><testcase classname="test.api.test_skills" name="test_import_task_eager_mode_and_status" time="1.130" /><testcase classname="test.api.test_skills" name="test_import_rejects_unknown_file" time="0.933" /><testcase classname="test.api.test_skills" name="test_admin_reviews_skill_facts_with_audit_trail" time="1.445" /><testcase classname="test.api.test_skills" name="test_admin_batch_reviews_and_approves_all_skill_facts" time="1.133" /><testcase classname="test.api.test_skills" name="test_fact_review_approves_pending_review_skill" time="0.963" /><testcase classname="test.api.test_skills" name="test_fact_review_triggers_auto_graph_sync" time="1.076" /><testcase classname="test.api.test_user_activity" name="test_favorite_toggle_list_note_and_batch_delete" time="1.102" /><testcase classname="test.api.test_user_activity" name="test_favorite_is_user_isolated_and_rejects_missing_target" time="1.245" /><testcase classname="test.api.test_user_activity" name="test_history_records_aggregate_and_support_delete" time="1.013" /><testcase classname="test.api.test_user_activity" name="test_history_clear_and_authentication" time="0.990" /><testcase classname="test.core.test_bootstrap.TestInitialAdminBootstrap" name="test_existing_admin_is_unchanged" time="0.787" /><testcase classname="test.core.test_bootstrap.TestInitialAdminBootstrap" name="test_creates_configured_admin" time="1.013" /><testcase classname="test.core.test_bootstrap.TestInitialAdminBootstrap" name="test_missing_schema_has_clear_error" time="0.817" /><testcase classname="test.core.test_cache" name="test_json_round_trip_supports_pydantic_datetime_and_enum" time="0.726" /><testcase classname="test.core.test_cache" name="test_corrupt_json_is_a_cache_miss_and_is_removed" time="0.722" /><testcase classname="test.core.test_cache" name="test_redis_failure_is_fail_open" time="0.736" /><testcase classname="test.core.test_cache" name="test_generation_keys_use_prefix_and_invalidate_without_scan" time="0.738" /><testcase classname="test.core.test_cache" name="test_monotonic_json_atomically_rejects_progress_and_terminal_rollback" time="0.732" /><testcase classname="test.core.test_cache" name="test_stable_query_key_is_order_independent_and_bounded" time="0.751" /><testcase classname="test.core.test_cache" name="test_disabled_cache_never_uses_client_for_operations" time="0.754" /><testcase classname="test.core.test_cache" name="test_close_releases_client" time="0.744" /><testcase classname="test.core.test_cache" name="test_client_is_created_with_short_timeouts" time="0.773" /><testcase classname="test.core.test_cache" name="test_testing_configuration_disables_external_cache_by_default" time="0.726" /><testcase classname="test.core.test_exception_handlers" name="test_unhandled_exception_uses_standard_response" time="0.738" /><testcase classname="test.core.test_security.TestPasswordHash" name="test_hash_and_verify" time="1.103" /><testcase classname="test.core.test_security.TestPasswordHash" name="test_hash_is_random" time="1.203" /><testcase classname="test.core.test_security.TestPasswordHash" name="test_verify_wrong" time="1.154" /><testcase classname="test.core.test_security.TestJWT" name="test_create_and_decode" time="0.732" /><testcase classname="test.core.test_security.TestJWT" name="test_decode_invalid_token" time="0.722" /><testcase classname="test.core.test_security.TestJWT" name="test_decode_expired_token" time="0.720" /><testcase classname="test.core.test_status_contracts" name="test_phase0_status_values_are_stable" time="0.811" /><testcase classname="test.core.test_status_contracts" name="test_task_transition_contract" time="0.785" /><testcase classname="test.core.test_status_contracts" name="test_agent_degraded_is_a_terminal_outcome" time="0.715" /><testcase classname="test.core.test_time" name="test_utc_now_contracts" time="0.770" /><testcase classname="test.core.test_time" name="test_ensure_utc_assumes_naive_database_values_are_utc" time="0.788" /><testcase classname="test.core.test_time" name="test_ensure_utc_converts_offsets_and_serializes_z" time="0.755" /><testcase classname="test.domain.test_data_quality" name="test_parse_source_datetime_normalizes_common_formats_to_utc" time="0.744" /><testcase classname="test.domain.test_data_quality" name="test_relative_source_datetime_uses_explicit_observation_time" time="0.746" /><testcase classname="test.domain.test_data_quality" name="test_quality_evaluation_is_deterministic_and_flags_invalid_dates" time="0.717" /><testcase classname="test.domain.test_data_quality" name="test_simhash_detects_rewrite_but_not_unrelated_job" time="0.739" /><testcase classname="test.domain.test_data_quality" name="test_simhash_canonicalizes_common_recruitment_paraphrases" time="0.806" /><testcase classname="test.domain.test_retrieval" name="test_hash_embedding_is_deterministic_and_query_sensitive" time="0.772" /><testcase classname="test.domain.test_retrieval" name="test_evidence_window_has_stable_id_and_original_offsets" time="0.715" /><testcase classname="test.domain.test_retrieval" name="test_index_text_adds_skill_aliases_and_semantic_context" time="0.759" /><testcase classname="test.domain.test_retrieval" name="test_authoritative_labels_remove_job_title_before_skill_matching" time="0.750" /><testcase classname="test.domain.test_retrieval" name="test_authoritative_labels_use_boundaries_for_short_ascii_skills" time="0.731" /><testcase classname="test.evaluation.test_fyz_quality_metrics" name="test_quality_case_sets_are_large_versioned_and_unique" time="0.774" /><testcase classname="test.evaluation.test_fyz_quality_metrics" name="test_production_skill_coverage_normalizes_aliases_and_duplicates" time="0.729" /><testcase classname="test.evaluation.test_fyz_quality_metrics" name="test_resume_and_matching_quality_gates_use_production_code" time="2.663" /><testcase classname="test.evaluation.test_fyz_quality_metrics" name="test_full_fyz_quality_evaluation_uses_100_real_jds" time="4.488" /><testcase classname="test.evaluation.test_phase0_baseline" name="test_relational_baseline_collects_empty_test_database" time="0.815" /><testcase classname="test.evaluation.test_phase0_baseline" name="test_rag_decision_requires_confirmed_vector_capability" time="0.736" /><testcase classname="test.evaluation.test_phase0_baseline" name="test_markdown_report_contains_decision" time="0.753" /><testcase classname="test.evaluation.test_phase0_golden" name="test_phase0_golden_seed_has_required_distribution" time="0.747" /><testcase classname="test.evaluation.test_phase0_golden" name="test_phase0_golden_seed_has_traceable_expected_results" time="0.733" /><testcase classname="test.evaluation.test_phase0_golden" name="test_phase0_golden_validator_rejects_duplicate_ids" time="0.726" /><testcase classname="test.evaluation.test_phase0_golden" name="test_phase0_engineering_review_is_transparent_and_releasable" time="0.713" /><testcase classname="test.evaluation.test_phase2_golden" name="test_phase2_dataset_has_required_scale_and_review_boundary" time="0.707" /><testcase classname="test.evaluation.test_phase2_golden" name="test_coverage_ready_dataset_is_grouped_by_standard_job" time="0.724" /><testcase classname="test.evaluation.test_phase2_golden" name="test_duplicate_negative_cases_stay_below_phase1_threshold" time="0.794" /><testcase classname="test.integrations.test_neo4j" name="test_run_read_simple[RETURN 1 AS n-n]" time="3.221" /><testcase classname="test.integrations.test_neo4j" name="test_run_read_simple[RETURN 'hello' AS msg-msg]" time="2.895" /><testcase classname="test.integrations.test_neo4j" name="test_run_read_simple[RETURN {name: 'test'} AS obj-obj]" time="2.772" /><testcase classname="test.integrations.test_neo4j" name="test_health_check_returns_bool" time="2.787" /><testcase classname="test.integrations.test_neo4j" name="test_driver_is_singleton" time="2.877" /><testcase classname="test.integrations.test_neo4j" name="test_get_session" time="2.905" /><testcase classname="test.integrations.test_neo4j" name="test_write_and_read_node" time="2.881" /><testcase classname="test.repositories.test_graph_repository" name="test_merge_uses_parameters_and_jiebang_namespace" time="0.732" /><testcase classname="test.repositories.test_graph_repository" name="test_merge_serializes_nested_solution_properties" time="0.727" /><testcase classname="test.repositories.test_graph_repository" name="test_cleanup_never_deletes_other_namespaces" time="0.801" /><testcase classname="test.repositories.test_graph_repository" name="test_counts_excludes_retrieval_evidence_nodes" time="0.775" /><testcase classname="test.repositories.test_graph_repository" name="test_query_nodes_excludes_non_graph_labels" time="0.765" /><testcase classname="test.repositories.test_graph_repository" name="test_query_nodes_keyword_only_matches_existing_properties" time="0.736" /><testcase classname="test.repositories.test_graph_repository" name="test_search_nodes_uses_quoted_fulltext_query" time="0.720" /><testcase classname="test.repositories.test_graph_repository" name="test_search_nodes_special_characters_use_compatible_query" time="0.737" /><testcase classname="test.repositories.test_graph_repository" name="test_search_nodes_falls_back_when_fulltext_index_is_unavailable" time="0.781" /><testcase classname="test.repositories.test_graph_repository" name="test_expand_and_path_only_use_written_relationship_types" time="0.753" /><testcase classname="test.repositories.test_graph_repository" name="test_graph_relations_match_written_relationship_types" time="0.722" /><testcase classname="test.repositories.test_job_repository" name="test_repository_filters_soft_deleted_jobs" time="0.730" /><testcase classname="test.repositories.test_user_repository.TestUserRepository" name="test_get_existing_user" time="0.726" /><testcase classname="test.repositories.test_user_repository.TestUserRepository" name="test_get_missing_user" time="0.765" /><testcase classname="test.repositories.test_user_repository.TestUserRepository" name="test_create_user" time="0.732" /><testcase classname="test.schemas.test_response_format.TestApiResponse" name="test_success_default" time="0.766" /><testcase classname="test.schemas.test_response_format.TestApiResponse" name="test_error_response" time="0.738" /><testcase classname="test.schemas.test_response_format.TestApiResponse" name="test_list_response_with_meta" time="0.726" /><testcase classname="test.scripts.test_clean_kdxf" name="test_aliases_emit_canonical_skill_names" time="0.743" /><testcase classname="test.scripts.test_clean_kdxf" name="test_display_categories_preserve_pipeline_semantics" time="0.722" /><testcase classname="test.scripts.test_clean_kdxf" name="test_specific_skill_does_not_emit_broader_overlapping_name" time="0.726" /><testcase classname="test.services.test_analysis_service" name="test_salary_and_time_parsers_cover_supported_formats" time="0.759" /><testcase classname="test.services.test_analysis_service" name="test_overview_uses_historical_baseline_for_new_and_growing_skills" time="1.110" /><testcase classname="test.services.test_analysis_service" name="test_reference_standards_are_loaded_with_server_side_pagination" time="1.188" /><testcase classname="test.services.test_analysis_service" name="test_overview_locations_use_one_city_level_and_split_multi_city_jobs" time="1.168" /><testcase classname="test.services.test_analysis_service" name="test_overview_day_window_works_without_historical_baseline" time="1.098" /><testcase classname="test.services.test_analysis_service" name="test_six_month_window_uses_its_first_half_as_history_when_needed" time="1.223" /><testcase classname="test.services.test_analysis_service" name="test_known_historical_technology_is_not_reported_as_new_when_local_baseline_misses_it" time="1.240" /><testcase classname="test.services.test_analysis_service" name="test_new_job_overview_keeps_low_evidence_first_observations" time="1.159" /><testcase classname="test.services.test_analysis_service" name="test_new_skill_overview_keeps_single_source_first_observation" time="1.089" /><testcase classname="test.services.test_analysis_service" name="test_job_insights_use_standard_job_sources_and_verified_facts" time="1.013" /><testcase classname="test.services.test_analysis_service" name="test_capability_changes_require_same_job_evidence_in_both_periods" time="0.722" /><testcase classname="test.services.test_analysis_service" name="test_capability_changes_use_recent_multi_evidence_and_exclude_soft_skills" time="0.734" /><testcase classname="test.services.test_analysis_service" name="test_emerging_job_decision_is_upserted_and_returned_in_insights" time="1.061" /><testcase classname="test.services.test_analysis_service" name="test_overview_paginates_emerging_and_new_jobs" time="1.546" /><testcase classname="test.services.test_analysis_service" name="test_unverified_skills_are_excluded" time="1.178" /><testcase classname="test.services.test_analysis_service" name="test_unverified_new_technology_is_shown_as_observation_candidate" time="1.089" /><testcase classname="test.services.test_auth_service.TestAuthService" name="test_login_success" time="0.951" /><testcase classname="test.services.test_auth_service.TestAuthService" name="test_login_wrong_password" time="0.939" /><testcase classname="test.services.test_auth_service.TestAuthService" name="test_register_success" time="0.938" /><testcase classname="test.services.test_auth_service.TestAuthService" name="test_register_duplicate_from_precheck" time="0.728" /><testcase classname="test.services.test_auth_service.TestAuthService" name="test_register_duplicate_from_database_race" time="0.930" /><testcase classname="test.services.test_bytedance_spider" name="test_normalize_job_keeps_in_range_public_post" time="0.716" /><testcase classname="test.services.test_bytedance_spider" name="test_normalize_job_rejects_records_outside_requested_period" time="0.714" /><testcase classname="test.services.test_chroma_vector_store" name="test_chroma_vector_store_persists_vectors_and_applies_metadata" time="0.929" /><testcase classname="test.services.test_crawler_service" name="test_registered_official_portals_have_unique_ids_and_scripts" time="0.721" /><testcase classname="test.services.test_crawler_service" name="test_parse_spider_stats_empty" time="0.782" /><testcase classname="test.services.test_crawler_service" name="test_parse_spider_stats_full" time="0.859" /><testcase classname="test.services.test_crawler_service" name="test_parse_spider_stats_chinese_colon" time="0.757" /><testcase classname="test.services.test_crawler_service" name="test_poll_run_failed" time="0.729" /><testcase classname="test.services.test_crawler_service" name="test_poll_no_data_network" time="0.754" /><testcase classname="test.services.test_crawler_service" name="test_poll_no_data_no_response" time="0.736" /><testcase classname="test.services.test_crawler_service" name="test_poll_no_data_unchanged" time="0.742" /><testcase classname="test.services.test_crawler_service" name="test_poll_ok" time="0.734" /><testcase classname="test.services.test_embedding_provider" name="test_openai_embedding_provider_batches_and_preserves_order" time="0.710" /><testcase classname="test.services.test_embedding_provider" name="test_openai_embedding_provider_preserves_explicit_api_path" time="0.730" /><testcase classname="test.services.test_embedding_provider" name="test_openai_embedding_provider_requires_local_secret" time="0.721" /><testcase classname="test.services.test_graph_enrichment" name="test_enrich_candidate_success_with_mock_llm" time="0.782" /><testcase classname="test.services.test_graph_enrichment" name="test_enrich_candidate_failure_is_tracked" time="0.769" /><testcase classname="test.services.test_graph_enrichment" name="test_enrich_candidate_timeout_is_retryable_and_explicit" time="0.765" /><testcase classname="test.services.test_graph_enrichment" name="test_single_skill_failure_does_not_break_sync" time="0.897" /><testcase classname="test.services.test_graph_enrichment" name="test_single_platform_retrieval_is_not_sent_to_agent" time="0.808" /><testcase classname="test.services.test_graph_enrichment" name="test_retrieval_failure_degrades_without_calling_agent" time="0.826" /><testcase classname="test.services.test_graph_enrichment" name="test_grounding_gate_rejects_invalid_citations_and_evidence" time="0.793" /><testcase classname="test.services.test_graph_enrichment" name="test_filter_grounded_completion_enforces_confidence_boundary" time="0.744" /><testcase classname="test.services.test_graph_enrichment" name="test_graph_schema_reads_legacy_source_ids_but_emits_evidence_ids" time="0.742" /><testcase classname="test.services.test_graph_enrichment" name="test_filter_grounded_completion_knowledge_point_boundaries" time="0.716" /><testcase classname="test.services.test_graph_enrichment" name="test_append_verified_deep_nodes_counts" time="0.741" /><testcase classname="test.services.test_graph_enrichment" name="test_machine_validated_candidate_requires_review_before_publication" time="0.739" /><testcase classname="test.services.test_graph_enrichment" name="test_machine_failed_candidates_are_rejected_with_automatic_reasons" time="0.741" /><testcase classname="test.services.test_graph_enrichment" name="test_single_machine_failed_rejection_does_not_require_manual_note" time="0.742" /><testcase classname="test.services.test_graph_enrichment" name="test_dedupe_by_name_keeps_first_and_ignores_blank" time="0.730" /><testcase classname="test.services.test_graph_enrichment" name="test_filter_grounded_completion_dedupes_same_name_points" time="0.727" /><testcase classname="test.services.test_graph_enrichment" name="test_append_verified_deep_nodes_dedupes_same_name_points" time="0.760" /><testcase classname="test.services.test_graph_enrichment" name="test_append_verified_deep_nodes_supersedes_older_candidate_for_same_skill" time="0.761" /><testcase classname="test.services.test_graph_enrichment" name="test_append_verified_deep_nodes_merges_same_name_across_skills" time="0.753" /><testcase classname="test.services.test_graph_enrichment" name="test_name_key_is_deterministic_and_case_insensitive" time="0.770" /><testcase classname="test.services.test_graph_enrichment" name="test_normalize_name_key_merges_suffix_variants" time="0.800" /><testcase classname="test.services.test_graph_enrichment" name="test_normalize_name_key_preserves_concept_phrases_for_l5" time="0.786" /><testcase classname="test.services.test_graph_enrichment" name="test_normalize_name_key_guard_never_empties" time="0.724" /><testcase classname="test.services.test_graph_enrichment" name="test_append_verified_deep_nodes_merges_suffix_variant_across_skills" time="0.732" /><testcase classname="test.services.test_graph_service" name="test_subgraph_restores_nested_common_solutions_from_json" time="0.766" /><testcase classname="test.services.test_graph_service" name="test_overview_uses_cursor_without_fixed_global_truncation" time="0.772" /><testcase classname="test.services.test_graph_service" name="test_aggregate_dual_sources_and_only_verified_facts_enter_graph" time="0.822" /><testcase classname="test.services.test_graph_service" name="test_top_candidate_is_saved_unverified_without_llm" time="0.759" /><testcase classname="test.services.test_historical_baseline_service" name="test_builds_and_activates_a_ready_historical_baseline" time="0.854" /><testcase classname="test.services.test_historical_baseline_service" name="test_baseline_unions_skills_from_every_row_in_a_deduplicated_cluster" time="0.800" /><testcase classname="test.services.test_import_service" name="test_import_is_idempotent_without_cross_validating_different_jobs" time="1.055" /><testcase classname="test.services.test_import_service" name="test_import_versions_changed_content_for_stable_source_identity" time="0.946" /><testcase classname="test.services.test_import_service" name="test_repeat_snapshot_adds_observation_without_duplicate_raw_job" time="0.883" /><testcase classname="test.services.test_import_service" name="test_same_standard_job_cross_validates_independent_sources" time="1.226" /><testcase classname="test.services.test_import_service" name="test_near_duplicate_is_retained_and_downweighted" time="1.007" /><testcase classname="test.services.test_import_service" name="test_near_duplicate_cluster_member_count_increments" time="1.016" /><testcase classname="test.services.test_import_service" name="test_import_rejects_invalid_job_v1" time="0.736" /><testcase classname="test.services.test_import_service" name="test_import_rejects_question_mark_only_source" time="0.801" /><testcase classname="test.services.test_jd_generation_service" name="test_generation_preserves_user_owned_fields_and_audits_run" time="0.754" /><testcase classname="test.services.test_jd_generation_service" name="test_generation_normalizes_the_previously_failed_position_name_shape" time="0.767" /><testcase classname="test.services.test_jd_generation_service" name="test_generation_uses_explicit_template_fallback_when_provider_disabled" time="0.813" /><testcase classname="test.services.test_jd_generation_service" name="test_input_suggestion_audits_structured_llm_output" time="0.782" /><testcase classname="test.services.test_job_standardizer" name="test_city_level_normalization_merges_suffixes_and_splits_multi_city_values" time="0.750" /><testcase classname="test.services.test_job_standardizer" name="test_city_level_normalization_excludes_provinces_and_understands_addresses" time="0.803" /><testcase classname="test.services.test_job_standardizer" name="test_standardize_title_removes_noise_but_keeps_specialization" time="0.742" /><testcase classname="test.services.test_job_standardizer" name="test_stack_and_level_inference" time="0.810" /><testcase classname="test.services.test_job_standardizer" name="test_region_and_company_are_dimensions_not_standard_job_identity" time="0.732" /><testcase classname="test.services.test_job_standardizer" name="test_seniority_is_part_of_standard_job_identity" time="0.718" /><testcase classname="test.services.test_job_standardizer" name="test_business_line_suffix_is_not_part_of_standard_job_identity" time="0.810" /><testcase classname="test.services.test_llm_provider" name="test_mock_provider_returns_validated_schema" time="0.780" /><testcase classname="test.services.test_llm_provider" name="test_mock_provider_propagates_timeout" time="0.729" /><testcase classname="test.services.test_llm_provider" name="test_deepseek_repairs_invalid_json_then_succeeds" time="0.731" /><testcase classname="test.services.test_llm_provider" name="test_deepseek_rejects_invalid_json_after_retries" time="0.728" /><testcase classname="test.services.test_llm_provider" name="test_deepseek_retries_read_timeout_then_reports_exhaustion" time="0.776" /><testcase classname="test.services.test_llm_provider" name="test_deepseek_recovers_after_transient_read_timeout" time="0.746" /><testcase classname="test.services.test_llm_provider" name="test_deepseek_does_not_inherit_environment_proxy" time="0.731" /><testcase classname="test.services.test_matching_grounding" name="test_match_explanation_persists_valid_snapshot_citations" time="1.079" /><testcase classname="test.services.test_matching_grounding" name="test_match_strength_accepts_saved_skill_anchor_for_legacy_excerpt" time="1.070" /><testcase classname="test.services.test_matching_grounding" name="test_unknown_citations_trigger_deterministic_template" time="1.126" /><testcase classname="test.services.test_matching_grounding" name="test_partially_invalid_risk_is_removed_without_rewriting_score" time="1.031" /><testcase classname="test.services.test_matching_grounding" name="test_no_saved_evidence_returns_explicit_no_answer" time="1.053" /><testcase classname="test.services.test_matching_grounding" name="test_llm_failure_records_fallback_reason" time="1.114" /><testcase classname="test.services.test_official_portal_spiders" name="test_jd_normalizes_published_technical_job" time="0.780" /><testcase classname="test.services.test_official_portal_spiders" name="test_meituan_uses_first_post_time_not_refresh_time" time="0.720" /><testcase classname="test.services.test_official_portal_spiders" name="test_pdd_keeps_update_time_out_of_posted_at" time="0.797" /><testcase classname="test.services.test_official_portal_spiders" name="test_deepseek_extracts_bundle_snapshot_and_filters_hr" time="0.770" /><testcase classname="test.services.test_pipeline_service" name="test_seed_sources_aligns_registry_with_database" time="0.761" /><testcase classname="test.services.test_pipeline_service" name="test_automation_config_persists_schedule_and_quantity_limits" time="0.773" /><testcase classname="test.services.test_pipeline_service" name="test_scheduled_run_idempotency_returns_same_record" time="0.779" /><testcase classname="test.services.test_pipeline_service" name="test_auto_publish_requires_strong_complete_grounding" time="0.745" /><testcase classname="test.services.test_pipeline_status_cache" name="test_pipeline_projection_validates_and_uses_terminal_ttl" time="0.735" /><testcase classname="test.services.test_pipeline_status_cache" name="test_pipeline_projection_rejects_invalid_payload_and_deletes_bad_cache" time="0.723" /><testcase classname="test.services.test_query_cache" name="test_model_cache_hit_restores_pydantic_type" time="0.747" /><testcase classname="test.services.test_query_cache" name="test_generation_bump_makes_previous_entry_unreachable" time="0.726" /><testcase classname="test.services.test_query_cache" name="test_query_parameters_keep_user_results_isolated" time="0.719" /><testcase classname="test.services.test_query_cache" name="test_large_result_is_not_written" time="0.726" /><testcase classname="test.services.test_query_cache" name="test_force_refresh_replaces_cached_value" time="0.741" /><testcase classname="test.services.test_skill_extractor" name="test_alias_normalization" time="0.858" /><testcase classname="test.services.test_skill_extractor" name="test_rule_extraction_and_preferred_context" time="0.786" /><testcase classname="test.services.test_skill_extractor" name="test_content_fingerprint_is_stable_and_content_sensitive" time="0.717" /><testcase classname="test.services.test_spider_framework" name="test_same_count_changed_content_creates_new_snapshot" time="0.757" /><testcase classname="test.services.test_spider_framework" name="test_same_business_content_on_next_day_creates_observation_snapshot" time="0.770" /><testcase classname="test.services.test_spider_framework" name="test_same_day_crawl_time_changed_reuses_snapshot" time="0.765" /><testcase classname="test.services.test_spider_framework" name="test_external_id_keeps_same_title_and_listing_url_as_distinct_jobs" time="0.754" /><testcase classname="test.services.test_spider_framework" name="test_invalid_snapshot_is_rejected_before_write" time="0.736" /><testcase classname="test.services.test_task_status_cache" name="test_task_projection_excludes_request_data_and_uses_status_ttl" time="0.736" /><testcase classname="test.services.test_task_status_cache" name="test_terminal_projection_cannot_regress_to_running" time="0.727" /><testcase classname="test.services.test_task_status_cache" name="test_cached_task_status_validates_and_returns_owner" time="0.725" /><testcase classname="test.services.test_task_status_cache" name="test_task_service_enforces_owner_on_cache_hit" time="0.734" /><testcase classname="test.services.test_task_status_cache" name="test_generation_bumps_are_best_effort" time="0.731" /><testcase classname="test.services.test_tech_scope" name="test_keeps_ai_software_and_hardware_roles" time="0.743" /><testcase classname="test.services.test_tech_scope" name="test_excludes_non_technical_business_roles" time="0.736" /><testcase classname="test.services.test_tech_scope" name="test_category_or_dense_jd_can_supply_scope_evidence" time="0.836" /></testsuite></testsuites>